This is pdfTeX, Version 3.14159265-2.6-1.40.16 (TeX Live 2015/Debian) (preloaded format=pdflatex 2017.8.22)  12 JUN 2018 16:47
entering extended mode
 restricted \write18 enabled.
 %&-line parsing enabled.
**methods-gene-families.tex
(./methods-gene-families.tex
LaTeX2e <2016/02/01>
Babel <3.9q> and hyphenation patterns for 81 language(s) loaded.
(/usr/share/texlive/texmf-dist/tex/latex/base/article.cls
Document Class: article 2014/09/29 v1.4h Standard LaTeX document class
(/usr/share/texlive/texmf-dist/tex/latex/base/size10.clo
File: size10.clo 2014/09/29 v1.4h Standard LaTeX file (size option)
)
\c@part=\count79
\c@section=\count80
\c@subsection=\count81
\c@subsubsection=\count82
\c@paragraph=\count83
\c@subparagraph=\count84
\c@figure=\count85
\c@table=\count86
\abovecaptionskip=\skip41
\belowcaptionskip=\skip42
\bibindent=\dimen102
)
(/usr/share/texlive/texmf-dist/tex/latex/graphics/graphicx.sty
Package: graphicx 2014/10/28 v1.0g Enhanced LaTeX Graphics (DPC,SPQR)

(/usr/share/texlive/texmf-dist/tex/latex/graphics/keyval.sty
Package: keyval 2014/10/28 v1.15 key=value parser (DPC)
\KV@toks@=\toks14
)
(/usr/share/texlive/texmf-dist/tex/latex/graphics/graphics.sty
Package: graphics 2016/01/03 v1.0q Standard LaTeX Graphics (DPC,SPQR)

(/usr/share/texlive/texmf-dist/tex/latex/graphics/trig.sty
Package: trig 2016/01/03 v1.10 sin cos tan (DPC)
)
(/usr/share/texlive/texmf-dist/tex/latex/latexconfig/graphics.cfg
File: graphics.cfg 2010/04/23 v1.9 graphics configuration of TeX Live
)
Package graphics Info: Driver file: pdftex.def on input line 95.

(/usr/share/texlive/texmf-dist/tex/latex/pdftex-def/pdftex.def
File: pdftex.def 2011/05/27 v0.06d Graphics/color for pdfTeX

(/usr/share/texlive/texmf-dist/tex/generic/oberdiek/infwarerr.sty
Package: infwarerr 2010/04/08 v1.3 Providing info/warning/error messages (HO)
)
(/usr/share/texlive/texmf-dist/tex/generic/oberdiek/ltxcmds.sty
Package: ltxcmds 2011/11/09 v1.22 LaTeX kernel commands for general use (HO)
)
\Gread@gobject=\count87
))
\Gin@req@height=\dimen103
\Gin@req@width=\dimen104
)
(/usr/share/texlive/texmf-dist/tex/latex/tools/array.sty
Package: array 2014/10/28 v2.4c Tabular extension package (FMi)
\col@sep=\dimen105
\extrarowheight=\dimen106
\NC@list=\toks15
\extratabsurround=\skip43
\backup@length=\skip44
)
(./methods-gene-families.aux)
\openout1 = `methods-gene-families.aux'.

LaTeX Font Info:    Checking defaults for OML/cmm/m/it on input line 14.
LaTeX Font Info:    ... okay on input line 14.
LaTeX Font Info:    Checking defaults for T1/cmr/m/n on input line 14.
LaTeX Font Info:    ... okay on input line 14.
LaTeX Font Info:    Checking defaults for OT1/cmr/m/n on input line 14.
LaTeX Font Info:    ... okay on input line 14.
LaTeX Font Info:    Checking defaults for OMS/cmsy/m/n on input line 14.
LaTeX Font Info:    ... okay on input line 14.
LaTeX Font Info:    Checking defaults for OMX/cmex/m/n on input line 14.
LaTeX Font Info:    ... okay on input line 14.
LaTeX Font Info:    Checking defaults for U/cmr/m/n on input line 14.
LaTeX Font Info:    ... okay on input line 14.

(/usr/share/texlive/texmf-dist/tex/context/base/supp-pdf.mkii
[Loading MPS to PDF converter (version 2006.09.02).]
\scratchcounter=\count88
\scratchdimen=\dimen107
\scratchbox=\box26
\nofMPsegments=\count89
\nofMParguments=\count90
\everyMPshowfont=\toks16
\MPscratchCnt=\count91
\MPscratchDim=\dimen108
\MPnumerator=\count92
\makeMPintoPDFobject=\count93
\everyMPtoPDFconversion=\toks17
) (/usr/share/texlive/texmf-dist/tex/generic/oberdiek/pdftexcmds.sty
Package: pdftexcmds 2011/11/29 v0.20 Utility functions of pdfTeX for LuaTeX (HO
)

(/usr/share/texlive/texmf-dist/tex/generic/oberdiek/ifluatex.sty
Package: ifluatex 2010/03/01 v1.3 Provides the ifluatex switch (HO)
Package ifluatex Info: LuaTeX not detected.
)
(/usr/share/texlive/texmf-dist/tex/generic/oberdiek/ifpdf.sty
Package: ifpdf 2011/01/30 v2.3 Provides the ifpdf switch (HO)
Package ifpdf Info: pdfTeX in PDF mode is detected.
)
Package pdftexcmds Info: LuaTeX not detected.
Package pdftexcmds Info: \pdf@primitive is available.
Package pdftexcmds Info: \pdf@ifprimitive is available.
Package pdftexcmds Info: \pdfdraftmode found.
)
(/usr/share/texlive/texmf-dist/tex/latex/oberdiek/epstopdf-base.sty
Package: epstopdf-base 2010/02/09 v2.5 Base part for package epstopdf

(/usr/share/texlive/texmf-dist/tex/latex/oberdiek/grfext.sty
Package: grfext 2010/08/19 v1.1 Manage graphics extensions (HO)

(/usr/share/texlive/texmf-dist/tex/generic/oberdiek/kvdefinekeys.sty
Package: kvdefinekeys 2011/04/07 v1.3 Define keys (HO)
))
(/usr/share/texlive/texmf-dist/tex/latex/oberdiek/kvoptions.sty
Package: kvoptions 2011/06/30 v3.11 Key value format for package options (HO)

(/usr/share/texlive/texmf-dist/tex/generic/oberdiek/kvsetkeys.sty
Package: kvsetkeys 2012/04/25 v1.16 Key value parser (HO)

(/usr/share/texlive/texmf-dist/tex/generic/oberdiek/etexcmds.sty
Package: etexcmds 2011/02/16 v1.5 Avoid name clashes with e-TeX commands (HO)
Package etexcmds Info: Could not find \expanded.
(etexcmds)             That can mean that you are not using pdfTeX 1.50 or
(etexcmds)             that some package has redefined \expanded.
(etexcmds)             In the latter case, load this package earlier.
)))
Package grfext Info: Graphics extension search list:
(grfext)             [.png,.pdf,.jpg,.mps,.jpeg,.jbig2,.jb2,.PNG,.PDF,.JPG,.JPE
G,.JBIG2,.JB2,.eps]
(grfext)             \AppendGraphicsExtensions on input line 452.

(/usr/share/texlive/texmf-dist/tex/latex/latexconfig/epstopdf-sys.cfg
File: epstopdf-sys.cfg 2010/07/13 v1.3 Configuration of (r)epstopdf for TeX Liv
e
))
LaTeX Font Info:    External font `cmex10' loaded for size
(Font)              <12> on input line 16.
LaTeX Font Info:    External font `cmex10' loaded for size
(Font)              <8> on input line 16.
LaTeX Font Info:    External font `cmex10' loaded for size
(Font)              <6> on input line 16.


LaTeX Warning: No \author given.

[1

{/var/lib/texmf/fonts/map/pdftex/updmap/pdftex.map}] [2] [3]
Overfull \hbox (15.47789pt too wide) in paragraph at lines 53--53
[]\OT1/cmr/bx/n/14.4 Objective 1: De-vel-op-ing pair clas-si-fi-ca-tion based
 []


Overfull \hbox (9.69798pt too wide) in paragraph at lines 53--53
\OT1/cmr/bx/n/14.4 method for de-tect-ing under-clustered gene fam-
 []

<figures/collecting_non_fam_seqs.png, id=15, 1123.19624pt x 827.09pt>
File: figures/collecting_non_fam_seqs.png Graphic file (type png)

<use figures/collecting_non_fam_seqs.png>
Package pdftex.def Info: figures/collecting_non_fam_seqs.png used on input line
 61.
(pdftex.def)             Requested size: 345.0pt x 254.04785pt.

Overfull \hbox (6.79999pt too wide) in paragraph at lines 61--62
[][] 
 []

<figures/forming_pairs.png, id=16, 899.36pt x 509.905pt>
File: figures/forming_pairs.png Graphic file (type png)

<use figures/forming_pairs.png>
Package pdftex.def Info: figures/forming_pairs.png used on input line 70.
(pdftex.def)             Requested size: 345.0pt x 195.60211pt.

Overfull \hbox (6.79999pt too wide) in paragraph at lines 70--71
[][] 
 []

[4] [5 <./figures/collecting_non_fam_seqs.png> <./figures/forming_pairs.png>]
<figures/train_classify1.png, id=24, 1500.60625pt x 852.18375pt>
File: figures/train_classify1.png Graphic file (type png)

<use figures/train_classify1.png>
Package pdftex.def Info: figures/train_classify1.png used on input line 83.
(pdftex.def)             Requested size: 345.0pt x 195.92012pt.

Overfull \hbox (6.79999pt too wide) in paragraph at lines 83--84
[][] 
 []

<figures/train_classify2.png, id=25, 1334.9875pt x 842.14626pt>
File: figures/train_classify2.png Graphic file (type png)

<use figures/train_classify2.png>
Package pdftex.def Info: figures/train_classify2.png used on input line 89.
(pdftex.def)             Requested size: 345.0pt x 217.6293pt.

Overfull \hbox (6.79999pt too wide) in paragraph at lines 89--90
[][] 
 []

<figures/test_PR-curve.png, id=26, 1397.22pt x 1045.9075pt>
File: figures/test_PR-curve.png Graphic file (type png)

<use figures/test_PR-curve.png>
Package pdftex.def Info: figures/test_PR-curve.png used on input line 95.
(pdftex.def)             Requested size: 345.0pt x 258.25246pt.

Overfull \hbox (6.79999pt too wide) in paragraph at lines 95--96
[][] 
 []


LaTeX Warning: `!h' float specifier changed to `!ht'.

LaTeX Font Info:    External font `cmex10' loaded for size
(Font)              <7> on input line 104.
LaTeX Font Info:    External font `cmex10' loaded for size
(Font)              <5> on input line 104.
[6] [7 <./figures/train_classify1.png> <./figures/train_classify2.png>]
<figures/hist_pr-auc_true_ygob.png, id=34, 651.18282pt x 493.845pt>
File: figures/hist_pr-auc_true_ygob.png Graphic file (type png)

<use figures/hist_pr-auc_true_ygob.png>
Package pdftex.def Info: figures/hist_pr-auc_true_ygob.png used on input line 1
07.
(pdftex.def)             Requested size: 345.0pt x 261.64616pt.

Overfull \hbox (6.79999pt too wide) in paragraph at lines 107--108
[][] 
 []

<figures/hist_pr-auc_delete_ygob.png, id=35, 651.18282pt x 493.845pt>
File: figures/hist_pr-auc_delete_ygob.png Graphic file (type png)

<use figures/hist_pr-auc_delete_ygob.png>
Package pdftex.def Info: figures/hist_pr-auc_delete_ygob.png used on input line
 113.
(pdftex.def)             Requested size: 345.0pt x 261.64616pt.

Overfull \hbox (6.79999pt too wide) in paragraph at lines 113--114
[][] 
 []


<figures/scatter_pr-auc_true_vs_pr-auc_delete_ygob.png, id=36, 651.18282pt x 49
3.845pt>
File: figures/scatter_pr-auc_true_vs_pr-auc_delete_ygob.png Graphic file (type 
png)
 <use figures/scatter_pr-auc_true_vs_pr-auc_delete_ygob.png>
Package pdftex.def Info: figures/scatter_pr-auc_true_vs_pr-auc_delete_ygob.png 
used on input line 123.
(pdftex.def)             Requested size: 345.0pt x 261.64616pt.

Overfull \hbox (6.79999pt too wide) in paragraph at lines 123--124
[][] 
 []

[8 <./figures/test_PR-curve.png>] [9 <./figures/hist_pr-auc_true_ygob.png>]
[10 <./figures/hist_pr-auc_delete_ygob.png>] [11 <./figures/scatter_pr-auc_true
_vs_pr-auc_delete_ygob.png>] [12] [13]
<figures/hist_tree_precision_scores_lgf5.png, id=60, 651.18282pt x 493.845pt>
File: figures/hist_tree_precision_scores_lgf5.png Graphic file (type png)

<use figures/hist_tree_precision_scores_lgf5.png>
Package pdftex.def Info: figures/hist_tree_precision_scores_lgf5.png used on in
put line 157.
(pdftex.def)             Requested size: 345.0pt x 261.64616pt.

Overfull \hbox (6.79999pt too wide) in paragraph at lines 157--158
[][] 
 []


<figures/scatter_tree_precision_vs_seqct_lgf5.png, id=61, 651.18282pt x 493.845
pt>
File: figures/scatter_tree_precision_vs_seqct_lgf5.png Graphic file (type png)
 <use figures/scatter_tree_precision_vs_seqct_lgf5.png>
Package pdftex.def Info: figures/scatter_tree_precision_vs_seqct_lgf5.png used 
on input line 163.
(pdftex.def)             Requested size: 345.0pt x 261.64616pt.

Overfull \hbox (6.79999pt too wide) in paragraph at lines 163--164
[][] 
 []


LaTeX Warning: `!h' float specifier changed to `!ht'.

[14 <./figures/hist_tree_precision_scores_lgf5.png>] [15 <./figures/scatter_tre
e_precision_vs_seqct_lgf5.png>]
LaTeX Font Info:    Try loading font information for OMS+cmr on input line 190.


(/usr/share/texlive/texmf-dist/tex/latex/base/omscmr.fd
File: omscmr.fd 2014/09/29 v2.5h Standard LaTeX font definitions
)
LaTeX Font Info:    Font shape `OMS/cmr/m/n' in size <10> not available
(Font)              Font shape `OMS/cmsy/m/n' tried instead on input line 190.
 [16]
<figures/hist_domain_jaccard_scores_lgf5.png, id=76, 651.18282pt x 493.845pt>
File: figures/hist_domain_jaccard_scores_lgf5.png Graphic file (type png)

<use figures/hist_domain_jaccard_scores_lgf5.png>
Package pdftex.def Info: figures/hist_domain_jaccard_scores_lgf5.png used on in
put line 198.
(pdftex.def)             Requested size: 345.0pt x 261.64616pt.

Overfull \hbox (6.79999pt too wide) in paragraph at lines 198--199
[][] 
 []


<figures/scatter_domain_jaccard_vs_seq_ct_lgf5.png, id=77, 651.18282pt x 493.84
5pt>
File: figures/scatter_domain_jaccard_vs_seq_ct_lgf5.png Graphic file (type png)

 <use figures/scatter_domain_jaccard_vs_seq_ct_lgf5.png>
Package pdftex.def Info: figures/scatter_domain_jaccard_vs_seq_ct_lgf5.png used
 on input line 206.
(pdftex.def)             Requested size: 345.0pt x 261.64616pt.

Overfull \hbox (6.79999pt too wide) in paragraph at lines 206--207
[][] 
 []

<figures/hist_domain_cosine_scores_lgf5.png, id=78, 651.18282pt x 493.845pt>
File: figures/hist_domain_cosine_scores_lgf5.png Graphic file (type png)

<use figures/hist_domain_cosine_scores_lgf5.png>
Package pdftex.def Info: figures/hist_domain_cosine_scores_lgf5.png used on inp
ut line 214.
(pdftex.def)             Requested size: 345.0pt x 261.64616pt.

Overfull \hbox (6.79999pt too wide) in paragraph at lines 214--215
[][] 
 []

[17 <./figures/hist_domain_jaccard_scores_lgf5.png>] [18 <./figures/scatter_dom
ain_jaccard_vs_seq_ct_lgf5.png>] [19 <./figures/hist_domain_cosine_scores_lgf5.
png>]
<figures/scatter_domain_cosine_vs_seq_ct_lgf5.png, id=92, 651.18282pt x 493.845
pt>
File: figures/scatter_domain_cosine_vs_seq_ct_lgf5.png Graphic file (type png)
 <use figures/scatter_domain_cosine_vs_seq_ct_lgf5.png>
Package pdftex.def Info: figures/scatter_domain_cosine_vs_seq_ct_lgf5.png used 
on input line 222.
(pdftex.def)             Requested size: 345.0pt x 261.64616pt.

Overfull \hbox (6.79999pt too wide) in paragraph at lines 222--223
[][] 
 []


<figures/scatter_domain_cosine_vs_tree_precision_lgf5.png, id=93, 651.18282pt x
 493.845pt>
File: figures/scatter_domain_cosine_vs_tree_precision_lgf5.png Graphic file (ty
pe png)
 <use figures/scatter_domain_cosine_vs_tree_precision_lgf5.png>
Package pdftex.def Info: figures/scatter_domain_cosine_vs_tree_precision_lgf5.p
ng used on input line 230.
(pdftex.def)             Requested size: 345.0pt x 261.64616pt.

Overfull \hbox (6.79999pt too wide) in paragraph at lines 230--231
[][] 
 []

[20 <./figures/scatter_domain_cosine_vs_seq_ct_lgf5.png>] [21 <./figures/scatte
r_domain_cosine_vs_tree_precision_lgf5.png>] [22]
Overfull \hbox (2.67447pt too wide) in paragraph at lines 260--260
[]\OT1/cmr/bx/n/10 Calculating fam-ily cor-re-spon-dence and fam-ily over-laps 
be-tween
 []

[23]
<figures/scatter_lgf5_vs_orthofinder_overlap_lgf5.png, id=108, 651.18282pt x 49
3.845pt>
File: figures/scatter_lgf5_vs_orthofinder_overlap_lgf5.png Graphic file (type p
ng)
 <use figures/scatter_lgf5_vs_orthofinder_overlap_lgf5.png>
Package pdftex.def Info: figures/scatter_lgf5_vs_orthofinder_overlap_lgf5.png u
sed on input line 271.
(pdftex.def)             Requested size: 345.0pt x 261.64616pt.

Overfull \hbox (6.79999pt too wide) in paragraph at lines 271--272
[][] 
 []


<figures/hist_seq_ct_lgf5_vs_orthofinder_90percent_overlap.png, id=109, 651.182
82pt x 493.845pt>
File: figures/hist_seq_ct_lgf5_vs_orthofinder_90percent_overlap.png Graphic fil
e (type png)

<use figures/hist_seq_ct_lgf5_vs_orthofinder_90percent_overlap.png>
Package pdftex.def Info: figures/hist_seq_ct_lgf5_vs_orthofinder_90percent_over
lap.png used on input line 278.
(pdftex.def)             Requested size: 345.0pt x 261.64616pt.

Overfull \hbox (6.79999pt too wide) in paragraph at lines 278--279
[][] 
 []

[24 <./figures/scatter_lgf5_vs_orthofinder_overlap_lgf5.png>] [25 <./figures/hi
st_seq_ct_lgf5_vs_orthofinder_90percent_overlap.png>]
<figures/hist_lgf5_family_size_groups.png, id=119, 651.18282pt x 493.845pt>
File: figures/hist_lgf5_family_size_groups.png Graphic file (type png)

<use figures/hist_lgf5_family_size_groups.png>
Package pdftex.def Info: figures/hist_lgf5_family_size_groups.png used on input
 line 296.
(pdftex.def)             Requested size: 345.0pt x 261.64616pt.

Overfull \hbox (6.79999pt too wide) in paragraph at lines 296--297
[][] 
 []


LaTeX Warning: `!h' float specifier changed to `!ht'.


Overfull \hbox (8.8062pt too wide) in paragraph at lines 307--308
\OT1/cmr/m/n/10 from the pair clas-si-fi-ca-tion based fam-ily scor-ing work-fl
ow (merg-ing under-clustered
 []


Overfull \hbox (4.91727pt too wide) in paragraph at lines 307--308
\OT1/cmr/m/n/10 fam-i-lies), tree-based and domain-based scor-ing work-flows (s
plit-ting over-clustered
 []

[26]
Overfull \hbox (22.50342pt too wide) in paragraph at lines 313--328
 [][] 
 []


LaTeX Warning: `!h' float specifier changed to `!ht'.


LaTeX Warning: `!h' float specifier changed to `!ht'.


LaTeX Warning: `!h' float specifier changed to `!ht'.

[27 <./figures/hist_lgf5_family_size_groups.png (PNG copy)>]
Missing character: There is no â in font cmr10!
Missing character: There is no € in font cmr10!
Missing character: There is no “ in font cmr10!
Missing character: There is no â in font cmr10!
Missing character: There is no € in font cmr10!
Missing character: There is no “ in font cmr10!
Missing character: There is no â in font cmr10!
Missing character: There is no € in font cmr10!
Missing character: There is no “ in font cmr10!
Missing character: There is no â in font cmr10!
Missing character: There is no € in font cmr10!
Missing character: There is no “ in font cmr10!
Missing character: There is no â in font cmr10!
Missing character: There is no € in font cmr10!
Missing character: There is no “ in font cmr10!
 [28]
Missing character: There is no â in font cmr10!
Missing character: There is no € in font cmr10!
Missing character: There is no “ in font cmr10!
Missing character: There is no â in font cmr10!
Missing character: There is no € in font cmr10!
Missing character: There is no “ in font cmr10!
Missing character: There is no â in font cmr10!
Missing character: There is no € in font cmr10!
Missing character: There is no “ in font cmr10!
Missing character: There is no â in font cmr10!
Missing character: There is no € in font cmr10!
Missing character: There is no “ in font cmr10!
Missing character: There is no â in font cmr10!
Missing character: There is no € in font cmr10!
Missing character: There is no “ in font cmr10!
Missing character: There is no â in font cmr10!
Missing character: There is no € in font cmr10!
Missing character: There is no “ in font cmr10!
Missing character: There is no â in font cmr10!
Missing character: There is no € in font cmr10!
Missing character: There is no “ in font cmr10!

Overfull \hbox (11.09798pt too wide) in paragraph at lines 422--423
[]\OT1/cmr/m/n/10 Tatusov, R.L., Na-tale, D.A., Garkavt-sev, I.V., Tatusova, T.
A., Shankavaram,
 []


Overfull \hbox (3.40358pt too wide) in paragraph at lines 422--423
\OT1/cmr/m/n/10 U.T., Rao, B.S., Kiryutin, B., Galperin, M.Y., Fe-dorova, N.D.,
 and Koonin,
 []

Missing character: There is no â in font cmr10!
Missing character: There is no € in font cmr10!
Missing character: There is no “ in font cmr10!
[29]
Missing character: There is no Ã in font cmr10!
Missing character: There is no £ in font cmr10!

Overfull \hbox (3.0979pt too wide) in paragraph at lines 446--447
\OT1/cmr/m/n/10 S.C., Guimares, P.M., Hougaard, B.K., Fred-slund, J., Schauser,
 L., Nielsen,
 []

Missing character: There is no Å in font cmr10!
Missing character: There is no š in font cmr10!
Missing character: There is no Ä in font cmr10!
Missing character: There is no ™ in font cmr10!
Missing character: There is no â in font cmr10!
Missing character: There is no € in font cmr10!
Missing character: There is no ™ in font cmr10!

Overfull \hbox (6.39412pt too wide) in paragraph at lines 454--455
[]\OT1/cmr/m/n/10 Davis, J. and Goad-rich, M., 2006, June. The re-la-tion-ship 
be-tween Precision-
 []

[30]
Missing character: There is no Ã in font cmr10!
Missing character: There is no ¡ in font cmr10!
 [31] [32] (./methods-gene-families.aux) ) 
Here is how much of TeX's memory you used:
 1667 strings out of 493029
 26846 string characters out of 6136234
 84406 words of memory out of 5000000
 5188 multiletter control sequences out of 15000+600000
 7895 words of font info for 28 fonts, out of 8000000 for 9000
 1141 hyphenation exceptions out of 8191
 37i,7n,23p,1414b,223s stack positions out of 5000i,500n,10000p,200000b,80000s
</usr/share/texlive/texmf-dist/fonts/
type1/public/amsfonts/cm/cmbx10.pfb></usr/share/texlive/texmf-dist/fonts/type1/
public/amsfonts/cm/cmbx12.pfb></usr/share/texlive/texmf-dist/fonts/type1/public
/amsfonts/cm/cmmi10.pfb></usr/share/texlive/texmf-dist/fonts/type1/public/amsfo
nts/cm/cmmi7.pfb></usr/share/texlive/texmf-dist/fonts/type1/public/amsfonts/cm/
cmr10.pfb></usr/share/texlive/texmf-dist/fonts/type1/public/amsfonts/cm/cmr17.p
fb></usr/share/texlive/texmf-dist/fonts/type1/public/amsfonts/cm/cmr7.pfb></usr
/share/texlive/texmf-dist/fonts/type1/public/amsfonts/cm/cmsy10.pfb>
Output written on methods-gene-families.pdf (32 pages, 897269 bytes).
PDF statistics:
 169 PDF objects out of 1000 (max. 8388607)
 96 compressed objects within 1 object stream
 0 named destinations out of 1000 (max. 500000)
 91 words of extra memory for PDF output out of 10000 (max. 10000000)

